\BOOKMARK [1][-]{section.1}{Introduction}{}% 1
\BOOKMARK [1][-]{section.2}{Literature}{}% 2
\BOOKMARK [1][-]{section.3}{Historical summary}{}% 3
\BOOKMARK [1][-]{section.4}{Dataset}{}% 4
\BOOKMARK [2][-]{subsection.4.1}{Source of the data}{section.4}% 5
\BOOKMARK [2][-]{subsection.4.2}{Trade partners}{section.4}% 6
\BOOKMARK [1][-]{section.5}{Can we do a cost-benefit analysis?}{}% 7
\BOOKMARK [1][-]{section.6}{Empirical analysis}{}% 8
\BOOKMARK [2][-]{subsection.6.1}{MANOVA test}{section.6}% 9
\BOOKMARK [2][-]{subsection.6.2}{Regression}{section.6}% 10
\BOOKMARK [1][-]{section.7}{Other possible explanations}{}% 11
\BOOKMARK [2][-]{subsection.7.1}{Destruction of French shipping}{section.7}% 12
\BOOKMARK [2][-]{subsection.7.2}{Naval supremacy}{section.7}% 13
\BOOKMARK [2][-]{subsection.7.3}{Measure of colonial power}{section.7}% 14
\BOOKMARK [2][-]{subsection.7.4}{Neutral policy}{section.7}% 15
\BOOKMARK [1][-]{section.8}{Conclusion}{}% 16
\BOOKMARK [1][-]{appendix.A}{Introduction}{}% 17
\BOOKMARK [1][-]{appendix.B}{Historical summary}{}% 18
\BOOKMARK [1][-]{appendix.C}{The Anglo-French war}{}% 19
\BOOKMARK [1][-]{appendix.D}{Explained variable}{}% 20
\BOOKMARK [1][-]{appendix.E}{Can we do a cost-benefit analysis?}{}% 21
\BOOKMARK [1][-]{appendix.F}{destruction of French shipping}{}% 22
\BOOKMARK [1][-]{appendix.G}{Naval Supremacy}{}% 23
\BOOKMARK [1][-]{appendix.H}{Measure of colonial power}{}% 24
\BOOKMARK [1][-]{appendix.I}{Neutral policy}{}% 25
\BOOKMARK [1][-]{appendix.J}{Regression}{}% 26
\BOOKMARK [1][-]{appendix.K}{MANOVA test}{}% 27
\BOOKMARK [1][-]{appendix.L}{Blockade}{}% 28
\BOOKMARK [1][-]{appendix.M}{Historical summary and classification of country grouping}{}% 29
